<?xml version="1.0" encoding="UTF-8"?>
<!-- Generated by org.testng.reporters.JUnitReportReporter -->
<testsuite hostname="DESKTOP-O7UI4S1" failures="0" tests="3" name="LetsKodeItTest.RadioButtonTest" time="3.490" errors="0" timestamp="2021-02-12T10:30:36 CET" skipped="0">
  <testcase classname="LetsKodeItTest.RadioButtonTest" name="RadioButtonBMW" time="1.135"/>
  <system-out/>
  <testcase classname="LetsKodeItTest.RadioButtonTest" name="RadioButtonBMW" time="1.221"/>
  <system-out/>
  <testcase classname="LetsKodeItTest.RadioButtonTest" name="RadioButtonBMW" time="1.134"/>
  <system-out/>
</testsuite> <!-- LetsKodeItTest.RadioButtonTest -->
