<?xml version="1.0" encoding="UTF-8"?>
<!-- Generated by org.testng.reporters.JUnitReportReporter -->
<testsuite hostname="DESKTOP-O7UI4S1" failures="0" tests="3" name="LetsKodeItTest.SelectBoxTest" time="3.466" errors="0" timestamp="2021-02-12T10:30:36 CET" skipped="0">
  <testcase classname="LetsKodeItTest.SelectBoxTest" name="DropDownBenz" time="1.174"/>
  <system-out/>
  <testcase classname="LetsKodeItTest.SelectBoxTest" name="DropDownBMW" time="1.178"/>
  <system-out/>
  <testcase classname="LetsKodeItTest.SelectBoxTest" name="DropDownHonda" time="1.114"/>
  <system-out/>
</testsuite> <!-- LetsKodeItTest.SelectBoxTest -->
