<?xml version="1.0" encoding="UTF-8"?>
<!-- Generated by org.testng.reporters.JUnitReportReporter -->
<testsuite hostname="DESKTOP-O7UI4S1" failures="0" tests="1" name="LetsKodeItTest.WaitImplExpl" time="5.619" errors="0" timestamp="2021-02-25T12:35:11 CET" skipped="0">
  <testcase classname="LetsKodeItTest.WaitImplExpl" name="testWaitImplExpl" time="5.619"/>
  <system-out/>
</testsuite> <!-- LetsKodeItTest.WaitImplExpl -->
