<?xml version="1.0" encoding="UTF-8"?>
<!-- Generated by org.testng.reporters.JUnitReportReporter -->
<testsuite hostname="DESKTOP-O7UI4S1" failures="0" tests="1" name="TestCases.WaitImplExpl" time="5.703" errors="0" timestamp="2021-02-25T12:44:53 CET" skipped="0">
  <testcase classname="TestCases.WaitImplExpl" name="testWaitImplExpl" time="5.703"/>
  <system-out/>
</testsuite> <!-- TestCases.WaitImplExpl -->
