<?xml version="1.0" encoding="UTF-8"?>
<!-- Generated by org.testng.reporters.JUnitReportReporter -->
<testsuite hostname="DESKTOP-O7UI4S1" failures="0" tests="1" name="Base.testLoginBase" time="1.249" errors="0" timestamp="2021-02-25T14:00:18 CET" skipped="0">
  <testcase classname="Base.testLoginBase" name="testLogin" time="1.249"/>
  <system-out/>
</testsuite> <!-- Base.testLoginBase -->
