<?xml version="1.0" encoding="UTF-8"?>
<!-- Generated by org.testng.reporters.JUnitReportReporter -->
<testsuite hostname="DESKTOP-O7UI4S1" failures="0" tests="1" name="LetsKodeItTest.FensterWechsel" time="4.711" errors="0" timestamp="2021-02-25T12:03:59 CET" skipped="0">
  <testcase classname="LetsKodeItTest.FensterWechsel" name="FensterWechselTest" time="4.711"/>
  <system-out/>
</testsuite> <!-- LetsKodeItTest.FensterWechsel -->
