<?xml version="1.0" encoding="UTF-8"?>
<!-- Generated by org.testng.reporters.JUnitReportReporter -->
<testsuite hostname="DESKTOP-O7UI4S1" failures="0" tests="2" name="TestCases.LinksAusgabe" time="5.755" errors="0" timestamp="2021-02-05T12:41:30 CET" skipped="0">
  <testcase classname="TestCases.LinksAusgabe" name="GoogleTest" time="5.101"/>
  <system-out/>
  <testcase classname="TestCases.LinksAusgabe" name="LinksAusgabeTest" time="0.654"/>
  <system-out/>
</testsuite> <!-- TestCases.LinksAusgabe -->
