<?xml version="1.0" encoding="UTF-8"?>
<!-- Generated by org.testng.reporters.JUnitReportReporter -->
<testsuite hostname="DESKTOP-O7UI4S1" failures="0" tests="1" name="TestCases.Scrolling" time="1.250" errors="0" timestamp="2021-02-26T16:20:01 CET" skipped="0">
  <testcase classname="TestCases.Scrolling" name="ScrollingTest" time="1.250"/>
  <system-out/>
</testsuite> <!-- TestCases.Scrolling -->
