<?xml version="1.0" encoding="UTF-8"?>
<!-- Generated by org.testng.reporters.JUnitReportReporter -->
<testsuite hostname="DESKTOP-O7UI4S1" failures="0" tests="1" name="TestCases.Screenshot" time="3.800" errors="0" timestamp="2021-03-04T10:27:13 CET" skipped="0">
  <testcase classname="TestCases.Screenshot" name="ScreenshotTest" time="3.800"/>
  <system-out/>
</testsuite> <!-- TestCases.Screenshot -->
